<?xml version="1.0" encoding="UTF-8"?>
<testng-results ignored="0" total="5" passed="3" failed="2" skipped="0">
  <reporter-output>
  </reporter-output>
  <suite started-at="2025-07-15T22:05:25 IST" name="Suite" finished-at="2025-07-15T22:07:33 IST" duration-ms="128938">
    <groups>
    </groups>
    <test started-at="2025-07-15T22:05:25 IST" name="Test" finished-at="2025-07-15T22:07:33 IST" duration-ms="128938">
      <class name="amzPacakge.AmazonProject.TestCase_02_Add_To_Cart">
        <test-method is-config="true" signature="BrowserLaunch()[pri:0, instance:amzPacakge.AmazonProject.TestCase_02_Add_To_Cart@71809907]" started-at="2025-07-15T22:05:58 IST" name="BrowserLaunch" finished-at="2025-07-15T22:06:01 IST" duration-ms="3348" status="PASS">
          <reporter-output>
          </reporter-output>
        </test-method> <!-- BrowserLaunch -->
        <test-method signature="AddTocart()[pri:0, instance:amzPacakge.AmazonProject.TestCase_02_Add_To_Cart@71809907]" started-at="2025-07-15T22:06:01 IST" name="AddTocart" finished-at="2025-07-15T22:06:25 IST" duration-ms="23459" status="PASS">
          <reporter-output>
          </reporter-output>
        </test-method> <!-- AddTocart -->
        <test-method is-config="true" signature="BrowserQuit()[pri:0, instance:amzPacakge.AmazonProject.TestCase_02_Add_To_Cart@71809907]" started-at="2025-07-15T22:06:25 IST" name="BrowserQuit" finished-at="2025-07-15T22:06:28 IST" duration-ms="3697" status="PASS">
          <reporter-output>
          </reporter-output>
        </test-method> <!-- BrowserQuit -->
      </class> <!-- amzPacakge.AmazonProject.TestCase_02_Add_To_Cart -->
      <class name="amzPacakge.AmazonProject.TestCase_05_Loggin_SearchProduct_WishList_AddToCart_SelectPaymentAsCreditCard_EnterCardDetails">
        <test-method is-config="true" signature="BrowserLaunch()[pri:0, instance:amzPacakge.AmazonProject.TestCase_05_Loggin_SearchProduct_WishList_AddToCart_SelectPaymentAsCreditCard_EnterCardDetails@3ce1e309]" started-at="2025-07-15T22:06:28 IST" name="BrowserLaunch" finished-at="2025-07-15T22:06:32 IST" duration-ms="3253" status="PASS">
          <reporter-output>
          </reporter-output>
        </test-method> <!-- BrowserLaunch -->
        <test-method signature="EnterCardDetails()[pri:0, instance:amzPacakge.AmazonProject.TestCase_05_Loggin_SearchProduct_WishList_AddToCart_SelectPaymentAsCreditCard_EnterCardDetails@3ce1e309]" started-at="2025-07-15T22:06:32 IST" name="EnterCardDetails" finished-at="2025-07-15T22:06:57 IST" duration-ms="25476" status="FAIL">
          <exception class="java.lang.NullPointerException">
            <message>
              <![CDATA[Cannot invoke "org.openqa.selenium.WebDriver.findElement(org.openqa.selenium.By)" because "driver" is null]]>
            </message>
            <full-stacktrace>
              <![CDATA[java.lang.NullPointerException: Cannot invoke "org.openqa.selenium.WebDriver.findElement(org.openqa.selenium.By)" because "driver" is null
at org.openqa.selenium.support.ui.ExpectedConditions$7.apply(ExpectedConditions.java:194)
at org.openqa.selenium.support.ui.ExpectedConditions$7.apply(ExpectedConditions.java:190)
at org.openqa.selenium.support.ui.FluentWait.until(FluentWait.java:203)
at amzPacakge.AmazonProject.AmazonCartPage.FirstlastName(AmazonCartPage.java:55)
at amzPacakge.AmazonProject.TestCase_05_Loggin_SearchProduct_WishList_AddToCart_SelectPaymentAsCreditCard_EnterCardDetails.EnterCardDetails(TestCase_05_Loggin_SearchProduct_WishList_AddToCart_SelectPaymentAsCreditCard_EnterCardDetails.java:40)
at java.base/jdk.internal.reflect.DirectMethodHandleAccessor.invoke(DirectMethodHandleAccessor.java:103)
at java.base/java.lang.reflect.Method.invoke(Method.java:580)
at org.testng.internal.invokers.MethodInvocationHelper.invokeMethod(MethodInvocationHelper.java:141)
at org.testng.internal.invokers.TestInvoker.invokeMethod(TestInvoker.java:686)
at org.testng.internal.invokers.TestInvoker.invokeTestMethod(TestInvoker.java:230)
at org.testng.internal.invokers.MethodRunner.runInSequence(MethodRunner.java:63)
at org.testng.internal.invokers.TestInvoker$MethodInvocationAgent.invoke(TestInvoker.java:992)
at org.testng.internal.invokers.TestInvoker.invokeTestMethods(TestInvoker.java:203)
at org.testng.internal.invokers.TestMethodWorker.invokeTestMethods(TestMethodWorker.java:154)
at org.testng.internal.invokers.TestMethodWorker.run(TestMethodWorker.java:134)
at java.base/java.util.ArrayList.forEach(ArrayList.java:1596)
at org.testng.TestRunner.privateRun(TestRunner.java:739)
at org.testng.TestRunner.run(TestRunner.java:614)
at org.testng.SuiteRunner.runTest(SuiteRunner.java:421)
at org.testng.SuiteRunner.runSequentially(SuiteRunner.java:413)
at org.testng.SuiteRunner.privateRun(SuiteRunner.java:373)
at org.testng.SuiteRunner.run(SuiteRunner.java:312)
at org.testng.SuiteRunnerWorker.runSuite(SuiteRunnerWorker.java:52)
at org.testng.SuiteRunnerWorker.run(SuiteRunnerWorker.java:95)
at org.testng.TestNG.runSuitesSequentially(TestNG.java:1274)
at org.testng.TestNG.runSuitesLocally(TestNG.java:1208)
at org.testng.TestNG.runSuites(TestNG.java:1112)
at org.testng.TestNG.run(TestNG.java:1079)
at org.apache.maven.surefire.testng.TestNGExecutor.run(TestNGExecutor.java:308)
at org.apache.maven.surefire.testng.TestNGXmlTestSuite.execute(TestNGXmlTestSuite.java:71)
at org.apache.maven.surefire.testng.TestNGProvider.invoke(TestNGProvider.java:113)
at org.apache.maven.surefire.booter.ForkedBooter.runSuitesInProcess(ForkedBooter.java:385)
at org.apache.maven.surefire.booter.ForkedBooter.execute(ForkedBooter.java:162)
at org.apache.maven.surefire.booter.ForkedBooter.run(ForkedBooter.java:507)
at org.apache.maven.surefire.booter.ForkedBooter.main(ForkedBooter.java:495)
]]>
            </full-stacktrace>
          </exception> <!-- java.lang.NullPointerException -->
          <reporter-output>
          </reporter-output>
        </test-method> <!-- EnterCardDetails -->
        <test-method is-config="true" signature="BrowserQuit()[pri:0, instance:amzPacakge.AmazonProject.TestCase_05_Loggin_SearchProduct_WishList_AddToCart_SelectPaymentAsCreditCard_EnterCardDetails@3ce1e309]" started-at="2025-07-15T22:06:57 IST" name="BrowserQuit" finished-at="2025-07-15T22:07:01 IST" duration-ms="3778" status="PASS">
          <reporter-output>
          </reporter-output>
        </test-method> <!-- BrowserQuit -->
      </class> <!-- amzPacakge.AmazonProject.TestCase_05_Loggin_SearchProduct_WishList_AddToCart_SelectPaymentAsCreditCard_EnterCardDetails -->
      <class name="amzPacakge.AmazonProject.TestCase_03_Add_To_WishList">
        <test-method is-config="true" signature="BrowserLaunch()[pri:0, instance:amzPacakge.AmazonProject.TestCase_03_Add_To_WishList@6e20b53a]" started-at="2025-07-15T22:05:46 IST" name="BrowserLaunch" finished-at="2025-07-15T22:05:49 IST" duration-ms="2914" status="PASS">
          <reporter-output>
          </reporter-output>
        </test-method> <!-- BrowserLaunch -->
        <test-method signature="AddTocart()[pri:0, instance:amzPacakge.AmazonProject.TestCase_03_Add_To_WishList@6e20b53a]" started-at="2025-07-15T22:05:49 IST" name="AddTocart" finished-at="2025-07-15T22:05:54 IST" duration-ms="5016" status="FAIL">
          <exception class="org.openqa.selenium.NoSuchElementException">
            <message>
              <![CDATA[no such element: Unable to locate element: {"method":"css selector","selector":"#ap_password"}
  (Session info: MicrosoftEdge=138.0.3351.83)
For documentation on this error, please visit: https://www.selenium.dev/documentation/webdriver/troubleshooting/errors#no-such-element-exception
Build info: version: '4.32.0', revision: 'd17c8aa950'
System info: os.name: 'Windows 11', os.arch: 'amd64', os.version: '10.0', java.version: '21.0.5'
Driver info: org.openqa.selenium.edge.EdgeDriver
Command: [05877c4ae13961d03d546e2800340ea9, findElement {value=ap_password, using=id}]
Capabilities {acceptInsecureCerts: false, browserName: MicrosoftEdge, browserVersion: 138.0.3351.83, fedcm:accounts: true, ms:edgeOptions: {debuggerAddress: localhost:60446}, msedge: {msedgedriverVersion: 138.0.3351.83 (16e2a7bef320..., userDataDir: C:\Users\amitk\AppData\Loca...}, networkConnectionEnabled: false, pageLoadStrategy: normal, platformName: windows, proxy: Proxy(), se:cdp: ws://localhost:60446/devtoo..., se:cdpVersion: 138.0.3351.83, setWindowRect: true, strictFileInteractability: false, timeouts: {implicit: 0, pageLoad: 300000, script: 30000}, unhandledPromptBehavior: dismiss and notify, webauthn:extension:credBlob: true, webauthn:extension:largeBlob: true, webauthn:extension:minPinLength: true, webauthn:extension:prf: true, webauthn:virtualAuthenticators: true}
Session ID: 05877c4ae13961d03d546e2800340ea9]]>
            </message>
            <full-stacktrace>
              <![CDATA[org.openqa.selenium.NoSuchElementException: no such element: Unable to locate element: {"method":"css selector","selector":"#ap_password"}
  (Session info: MicrosoftEdge=138.0.3351.83)
For documentation on this error, please visit: https://www.selenium.dev/documentation/webdriver/troubleshooting/errors#no-such-element-exception
Build info: version: '4.32.0', revision: 'd17c8aa950'
System info: os.name: 'Windows 11', os.arch: 'amd64', os.version: '10.0', java.version: '21.0.5'
Driver info: org.openqa.selenium.edge.EdgeDriver
Command: [05877c4ae13961d03d546e2800340ea9, findElement {value=ap_password, using=id}]
Capabilities {acceptInsecureCerts: false, browserName: MicrosoftEdge, browserVersion: 138.0.3351.83, fedcm:accounts: true, ms:edgeOptions: {debuggerAddress: localhost:60446}, msedge: {msedgedriverVersion: 138.0.3351.83 (16e2a7bef320..., userDataDir: C:\Users\amitk\AppData\Loca...}, networkConnectionEnabled: false, pageLoadStrategy: normal, platformName: windows, proxy: Proxy(), se:cdp: ws://localhost:60446/devtoo..., se:cdpVersion: 138.0.3351.83, setWindowRect: true, strictFileInteractability: false, timeouts: {implicit: 0, pageLoad: 300000, script: 30000}, unhandledPromptBehavior: dismiss and notify, webauthn:extension:credBlob: true, webauthn:extension:largeBlob: true, webauthn:extension:minPinLength: true, webauthn:extension:prf: true, webauthn:virtualAuthenticators: true}
Session ID: 05877c4ae13961d03d546e2800340ea9
at java.base/jdk.internal.reflect.DirectConstructorHandleAccessor.newInstance(DirectConstructorHandleAccessor.java:62)
at java.base/java.lang.reflect.Constructor.newInstanceWithCaller(Constructor.java:502)
at java.base/java.lang.reflect.Constructor.newInstance(Constructor.java:486)
at org.openqa.selenium.remote.ErrorCodec.decode(ErrorCodec.java:167)
at org.openqa.selenium.remote.codec.w3c.W3CHttpResponseCodec.decode(W3CHttpResponseCodec.java:138)
at org.openqa.selenium.remote.codec.w3c.W3CHttpResponseCodec.decode(W3CHttpResponseCodec.java:50)
at org.openqa.selenium.remote.HttpCommandExecutor.execute(HttpCommandExecutor.java:215)
at org.openqa.selenium.remote.service.DriverCommandExecutor.invokeExecute(DriverCommandExecutor.java:216)
at org.openqa.selenium.remote.service.DriverCommandExecutor.execute(DriverCommandExecutor.java:174)
at org.openqa.selenium.remote.RemoteWebDriver.execute(RemoteWebDriver.java:545)
at org.openqa.selenium.remote.ElementLocation$ElementFinder$2.findElement(ElementLocation.java:165)
at org.openqa.selenium.remote.ElementLocation.findElement(ElementLocation.java:66)
at org.openqa.selenium.remote.RemoteWebDriver.findElement(RemoteWebDriver.java:368)
at org.openqa.selenium.remote.RemoteWebDriver.findElement(RemoteWebDriver.java:362)
at org.openqa.selenium.support.pagefactory.DefaultElementLocator.findElement(DefaultElementLocator.java:68)
at org.openqa.selenium.support.pagefactory.internal.LocatingElementHandler.invoke(LocatingElementHandler.java:38)
at jdk.proxy2/jdk.proxy2.$Proxy9.sendKeys(Unknown Source)
at amzPacakge.AmazonProject.AmazonLoginPage.Password(AmazonLoginPage.java:39)
at amzPacakge.AmazonProject.TestCase_03_Add_To_WishList.AddTocart(TestCase_03_Add_To_WishList.java:22)
at java.base/jdk.internal.reflect.DirectMethodHandleAccessor.invoke(DirectMethodHandleAccessor.java:103)
at java.base/java.lang.reflect.Method.invoke(Method.java:580)
at org.testng.internal.invokers.MethodInvocationHelper.invokeMethod(MethodInvocationHelper.java:141)
at org.testng.internal.invokers.TestInvoker.invokeMethod(TestInvoker.java:686)
at org.testng.internal.invokers.TestInvoker.invokeTestMethod(TestInvoker.java:230)
at org.testng.internal.invokers.MethodRunner.runInSequence(MethodRunner.java:63)
at org.testng.internal.invokers.TestInvoker$MethodInvocationAgent.invoke(TestInvoker.java:992)
at org.testng.internal.invokers.TestInvoker.invokeTestMethods(TestInvoker.java:203)
at org.testng.internal.invokers.TestMethodWorker.invokeTestMethods(TestMethodWorker.java:154)
at org.testng.internal.invokers.TestMethodWorker.run(TestMethodWorker.java:134)
at java.base/java.util.ArrayList.forEach(ArrayList.java:1596)
at org.testng.TestRunner.privateRun(TestRunner.java:739)
at org.testng.TestRunner.run(TestRunner.java:614)
at org.testng.SuiteRunner.runTest(SuiteRunner.java:421)
at org.testng.SuiteRunner.runSequentially(SuiteRunner.java:413)
at org.testng.SuiteRunner.privateRun(SuiteRunner.java:373)
at org.testng.SuiteRunner.run(SuiteRunner.java:312)
at org.testng.SuiteRunnerWorker.runSuite(SuiteRunnerWorker.java:52)
at org.testng.SuiteRunnerWorker.run(SuiteRunnerWorker.java:95)
at org.testng.TestNG.runSuitesSequentially(TestNG.java:1274)
at org.testng.TestNG.runSuitesLocally(TestNG.java:1208)
at org.testng.TestNG.runSuites(TestNG.java:1112)
at org.testng.TestNG.run(TestNG.java:1079)
at org.apache.maven.surefire.testng.TestNGExecutor.run(TestNGExecutor.java:308)
at org.apache.maven.surefire.testng.TestNGXmlTestSuite.execute(TestNGXmlTestSuite.java:71)
at org.apache.maven.surefire.testng.TestNGProvider.invoke(TestNGProvider.java:113)
at org.apache.maven.surefire.booter.ForkedBooter.runSuitesInProcess(ForkedBooter.java:385)
at org.apache.maven.surefire.booter.ForkedBooter.execute(ForkedBooter.java:162)
at org.apache.maven.surefire.booter.ForkedBooter.run(ForkedBooter.java:507)
at org.apache.maven.surefire.booter.ForkedBooter.main(ForkedBooter.java:495)
]]>
            </full-stacktrace>
          </exception> <!-- org.openqa.selenium.NoSuchElementException -->
          <reporter-output>
          </reporter-output>
        </test-method> <!-- AddTocart -->
        <test-method is-config="true" signature="BrowserQuit()[pri:0, instance:amzPacakge.AmazonProject.TestCase_03_Add_To_WishList@6e20b53a]" started-at="2025-07-15T22:05:54 IST" name="BrowserQuit" finished-at="2025-07-15T22:05:58 IST" duration-ms="3603" status="PASS">
          <reporter-output>
          </reporter-output>
        </test-method> <!-- BrowserQuit -->
      </class> <!-- amzPacakge.AmazonProject.TestCase_03_Add_To_WishList -->
      <class name="amzPacakge.AmazonProject.Testcase_01_LoginToAmazon_Logout">
        <test-method is-config="true" signature="BrowserLaunch()[pri:0, instance:amzPacakge.AmazonProject.Testcase_01_LoginToAmazon_Logout@27ce24aa]" started-at="2025-07-15T22:05:25 IST" name="BrowserLaunch" finished-at="2025-07-15T22:05:29 IST" duration-ms="4400" status="PASS">
          <reporter-output>
          </reporter-output>
        </test-method> <!-- BrowserLaunch -->
        <test-method signature="logginwithValidCredentils()[pri:0, instance:amzPacakge.AmazonProject.Testcase_01_LoginToAmazon_Logout@27ce24aa]" started-at="2025-07-15T22:05:29 IST" name="logginwithValidCredentils" finished-at="2025-07-15T22:05:43 IST" duration-ms="13527" status="PASS">
          <reporter-output>
          </reporter-output>
        </test-method> <!-- logginwithValidCredentils -->
        <test-method is-config="true" signature="BrowserQuit()[pri:0, instance:amzPacakge.AmazonProject.Testcase_01_LoginToAmazon_Logout@27ce24aa]" started-at="2025-07-15T22:05:43 IST" name="BrowserQuit" finished-at="2025-07-15T22:05:46 IST" duration-ms="3654" status="PASS">
          <reporter-output>
          </reporter-output>
        </test-method> <!-- BrowserQuit -->
      </class> <!-- amzPacakge.AmazonProject.Testcase_01_LoginToAmazon_Logout -->
      <class name="amzPacakge.AmazonProject.TestCase_04_LoginToAmazon_Search_Product_AddToWishlist_AddToCart_Logout">
        <test-method is-config="true" signature="BrowserLaunch()[pri:0, instance:amzPacakge.AmazonProject.TestCase_04_LoginToAmazon_Search_Product_AddToWishlist_AddToCart_Logout@6aba2b86]" started-at="2025-07-15T22:07:01 IST" name="BrowserLaunch" finished-at="2025-07-15T22:07:04 IST" duration-ms="3353" status="PASS">
          <reporter-output>
          </reporter-output>
        </test-method> <!-- BrowserLaunch -->
        <test-method signature="AddTocart()[pri:0, instance:amzPacakge.AmazonProject.TestCase_04_LoginToAmazon_Search_Product_AddToWishlist_AddToCart_Logout@6aba2b86]" started-at="2025-07-15T22:07:04 IST" name="AddTocart" finished-at="2025-07-15T22:07:30 IST" duration-ms="25598" status="PASS">
          <reporter-output>
          </reporter-output>
        </test-method> <!-- AddTocart -->
        <test-method is-config="true" signature="BrowserQuit()[pri:0, instance:amzPacakge.AmazonProject.TestCase_04_LoginToAmazon_Search_Product_AddToWishlist_AddToCart_Logout@6aba2b86]" started-at="2025-07-15T22:07:30 IST" name="BrowserQuit" finished-at="2025-07-15T22:07:33 IST" duration-ms="3753" status="PASS">
          <reporter-output>
          </reporter-output>
        </test-method> <!-- BrowserQuit -->
      </class> <!-- amzPacakge.AmazonProject.TestCase_04_LoginToAmazon_Search_Product_AddToWishlist_AddToCart_Logout -->
    </test> <!-- Test -->
  </suite> <!-- Suite -->
</testng-results>
